<?xml version="1.0" encoding="UTF-8" ?>
<testsuite errors="2" failures="1" hostname="OSA-PC" name="com.tekdays.TekUserControllerSpec" tests="7" time="0.747" timestamp="2014-12-15T13:36:44">
  <properties />
  <testcase classname="com.tekdays.TekUserControllerSpec" name="Test the index action returns the correct model" time="0.32" />
  <testcase classname="com.tekdays.TekUserControllerSpec" name="Test the create action returns the correct model" time="0.041" />
  <testcase classname="com.tekdays.TekUserControllerSpec" name="Test the save action correctly persists an instance" time="0.111">
    <error message="Cannot redirect for object [null] it is not a domain or has no identifier. Use an explicit redirect instead " type="org.codehaus.groovy.grails.web.servlet.mvc.exceptions.CannotRedirectException">org.codehaus.groovy.grails.web.servlet.mvc.exceptions.CannotRedirectException: Cannot redirect for object [null] it is not a domain or has no identifier. Use an explicit redirect instead 
	at com.tekdays.TekUserController.tt__save_closure9_closure14(TekUserController.groovy:43)
	at com.tekdays.TekUserController.$tt__save(TekUserController.groovy:40)
	at com.tekdays.TekUserControllerSpec.Test the save action correctly persists an instance(TekUserControllerSpec.groovy:54)
</error>
  </testcase>
  <testcase classname="com.tekdays.TekUserControllerSpec" name="Test that the show action returns the correct model" time="0.054" />
  <testcase classname="com.tekdays.TekUserControllerSpec" name="Test that the edit action returns the correct model" time="0.044" />
  <testcase classname="com.tekdays.TekUserControllerSpec" name="Test the update action performs an update on a valid domain instance" time="0.097">
    <error message="Cannot get property &apos;id&apos; on null object" type="java.lang.NullPointerException">java.lang.NullPointerException: Cannot get property &apos;id&apos; on null object
	at com.tekdays.TekUserControllerSpec.Test the update action performs an update on a valid domain instance(TekUserControllerSpec.groovy:122)
</error>
  </testcase>
  <testcase classname="com.tekdays.TekUserControllerSpec" name="Test that the delete action deletes an instance if it exists" time="0.05">
    <failure message="Condition not satisfied:&#xa;&#xa;TekUser.count() == 1&#xa;        |       |&#xa;        0       false&#xa;" type="junit.framework.AssertionFailedError">junit.framework.AssertionFailedError: Condition not satisfied:

TekUser.count() == 1
        |       |
        0       false

	at com.tekdays.TekUserControllerSpec.Test that the delete action deletes an instance if it exists(TekUserControllerSpec.groovy:142)
</failure>
  </testcase>
  <system-out><![CDATA[--Output from Test the index action returns the correct model--
--Output from Test the create action returns the correct model--
--Output from Test the save action correctly persists an instance--
--Output from Test that the show action returns the correct model--
--Output from Test that the edit action returns the correct model--
--Output from Test the update action performs an update on a valid domain instance--
--Output from Test that the delete action deletes an instance if it exists--
]]></system-out>
  <system-err><![CDATA[--Output from Test the index action returns the correct model--
--Output from Test the create action returns the correct model--
--Output from Test the save action correctly persists an instance--
--Output from Test that the show action returns the correct model--
--Output from Test that the edit action returns the correct model--
--Output from Test the update action performs an update on a valid domain instance--
--Output from Test that the delete action deletes an instance if it exists--
]]></system-err>
</testsuite>
