<?xml version="1.0" encoding="UTF-8" ?>
<testsuite errors="2" failures="1" hostname="OSA-PC" name="com.tekdays.TaskControllerSpec" tests="7" time="0.852" timestamp="2014-12-15T13:36:41">
  <properties />
  <testcase classname="com.tekdays.TaskControllerSpec" name="Test the index action returns the correct model" time="0.392" />
  <testcase classname="com.tekdays.TaskControllerSpec" name="Test the create action returns the correct model" time="0.056" />
  <testcase classname="com.tekdays.TaskControllerSpec" name="Test the save action correctly persists an instance" time="0.122">
    <error message="Cannot redirect for object [com.tekdays.Task : (unsaved)] it is not a domain or has no identifier. Use an explicit redirect instead " type="org.codehaus.groovy.grails.web.servlet.mvc.exceptions.CannotRedirectException">org.codehaus.groovy.grails.web.servlet.mvc.exceptions.CannotRedirectException: Cannot redirect for object [com.tekdays.Task : (unsaved)] it is not a domain or has no identifier. Use an explicit redirect instead 
	at com.tekdays.TaskController.tt__save_closure9_closure14(TaskController.groovy:43)
	at com.tekdays.TaskController.$tt__save(TaskController.groovy:40)
	at com.tekdays.TaskControllerSpec.Test the save action correctly persists an instance(TaskControllerSpec.groovy:54)
</error>
  </testcase>
  <testcase classname="com.tekdays.TaskControllerSpec" name="Test that the show action returns the correct model" time="0.042" />
  <testcase classname="com.tekdays.TaskControllerSpec" name="Test that the edit action returns the correct model" time="0.039" />
  <testcase classname="com.tekdays.TaskControllerSpec" name="Test the update action performs an update on a valid domain instance" time="0.112">
    <error message="Cannot get property &apos;id&apos; on null object" type="java.lang.NullPointerException">java.lang.NullPointerException: Cannot get property &apos;id&apos; on null object
	at com.tekdays.TaskControllerSpec.Test the update action performs an update on a valid domain instance(TaskControllerSpec.groovy:122)
</error>
  </testcase>
  <testcase classname="com.tekdays.TaskControllerSpec" name="Test that the delete action deletes an instance if it exists" time="0.043">
    <failure message="Condition not satisfied:&#xa;&#xa;Task.count() == 1&#xa;     |       |&#xa;     0       false&#xa;" type="junit.framework.AssertionFailedError">junit.framework.AssertionFailedError: Condition not satisfied:

Task.count() == 1
     |       |
     0       false

	at com.tekdays.TaskControllerSpec.Test that the delete action deletes an instance if it exists(TaskControllerSpec.groovy:142)
</failure>
  </testcase>
  <system-out><![CDATA[--Output from Test the index action returns the correct model--
--Output from Test the create action returns the correct model--
--Output from Test the save action correctly persists an instance--
--Output from Test that the show action returns the correct model--
--Output from Test that the edit action returns the correct model--
--Output from Test the update action performs an update on a valid domain instance--
--Output from Test that the delete action deletes an instance if it exists--
]]></system-out>
  <system-err><![CDATA[--Output from Test the index action returns the correct model--
--Output from Test the create action returns the correct model--
--Output from Test the save action correctly persists an instance--
--Output from Test that the show action returns the correct model--
--Output from Test that the edit action returns the correct model--
--Output from Test the update action performs an update on a valid domain instance--
--Output from Test that the delete action deletes an instance if it exists--
]]></system-err>
</testsuite>
