<?xml version="1.0" encoding="UTF-8" ?>
<testsuite errors="2" failures="1" hostname="OSA-PC" name="com.tekdays.SponsorControllerSpec" tests="7" time="10.367" timestamp="2014-12-15T13:36:29">
  <properties />
  <testcase classname="com.tekdays.SponsorControllerSpec" name="Test the index action returns the correct model" time="8.85" />
  <testcase classname="com.tekdays.SponsorControllerSpec" name="Test the create action returns the correct model" time="0.203" />
  <testcase classname="com.tekdays.SponsorControllerSpec" name="Test the save action correctly persists an instance" time="0.913">
    <error message="Cannot redirect for object [null] it is not a domain or has no identifier. Use an explicit redirect instead " type="org.codehaus.groovy.grails.web.servlet.mvc.exceptions.CannotRedirectException">org.codehaus.groovy.grails.web.servlet.mvc.exceptions.CannotRedirectException: Cannot redirect for object [null] it is not a domain or has no identifier. Use an explicit redirect instead 
	at com.tekdays.SponsorController.tt__save_closure9_closure14(SponsorController.groovy:43)
	at com.tekdays.SponsorController.$tt__save(SponsorController.groovy:40)
	at com.tekdays.SponsorControllerSpec.Test the save action correctly persists an instance(SponsorControllerSpec.groovy:54)
</error>
  </testcase>
  <testcase classname="com.tekdays.SponsorControllerSpec" name="Test that the show action returns the correct model" time="0.052" />
  <testcase classname="com.tekdays.SponsorControllerSpec" name="Test that the edit action returns the correct model" time="0.046" />
  <testcase classname="com.tekdays.SponsorControllerSpec" name="Test the update action performs an update on a valid domain instance" time="0.127">
    <error message="Cannot get property &apos;id&apos; on null object" type="java.lang.NullPointerException">java.lang.NullPointerException: Cannot get property &apos;id&apos; on null object
	at com.tekdays.SponsorControllerSpec.Test the update action performs an update on a valid domain instance(SponsorControllerSpec.groovy:122)
</error>
  </testcase>
  <testcase classname="com.tekdays.SponsorControllerSpec" name="Test that the delete action deletes an instance if it exists" time="0.076">
    <failure message="Condition not satisfied:&#xa;&#xa;Sponsor.count() == 1&#xa;        |       |&#xa;        0       false&#xa;" type="junit.framework.AssertionFailedError">junit.framework.AssertionFailedError: Condition not satisfied:

Sponsor.count() == 1
        |       |
        0       false

	at com.tekdays.SponsorControllerSpec.Test that the delete action deletes an instance if it exists(SponsorControllerSpec.groovy:142)
</failure>
  </testcase>
  <system-out><![CDATA[--Output from Test the index action returns the correct model--
--Output from Test the create action returns the correct model--
--Output from Test the save action correctly persists an instance--
--Output from Test that the show action returns the correct model--
--Output from Test that the edit action returns the correct model--
--Output from Test the update action performs an update on a valid domain instance--
--Output from Test that the delete action deletes an instance if it exists--
]]></system-out>
  <system-err><![CDATA[--Output from Test the index action returns the correct model--
--Output from Test the create action returns the correct model--
--Output from Test the save action correctly persists an instance--
--Output from Test that the show action returns the correct model--
--Output from Test that the edit action returns the correct model--
--Output from Test the update action performs an update on a valid domain instance--
--Output from Test that the delete action deletes an instance if it exists--
]]></system-err>
</testsuite>
