<?xml version="1.0" encoding="UTF-8" ?>
<testsuite errors="2" failures="1" hostname="OSA-PC" name="com.tekdays.TekMessageControllerSpec" tests="7" time="0.795" timestamp="2014-12-15T13:36:43">
  <properties />
  <testcase classname="com.tekdays.TekMessageControllerSpec" name="Test the index action returns the correct model" time="0.324" />
  <testcase classname="com.tekdays.TekMessageControllerSpec" name="Test the create action returns the correct model" time="0.032" />
  <testcase classname="com.tekdays.TekMessageControllerSpec" name="Test the save action correctly persists an instance" time="0.13">
    <error message="Cannot redirect for object [com.tekdays.TekMessage : (unsaved)] it is not a domain or has no identifier. Use an explicit redirect instead " type="org.codehaus.groovy.grails.web.servlet.mvc.exceptions.CannotRedirectException">org.codehaus.groovy.grails.web.servlet.mvc.exceptions.CannotRedirectException: Cannot redirect for object [com.tekdays.TekMessage : (unsaved)] it is not a domain or has no identifier. Use an explicit redirect instead 
	at com.tekdays.TekMessageController.tt__save_closure9_closure14(TekMessageController.groovy:43)
	at com.tekdays.TekMessageController.$tt__save(TekMessageController.groovy:40)
	at com.tekdays.TekMessageControllerSpec.Test the save action correctly persists an instance(TekMessageControllerSpec.groovy:54)
</error>
  </testcase>
  <testcase classname="com.tekdays.TekMessageControllerSpec" name="Test that the show action returns the correct model" time="0.053" />
  <testcase classname="com.tekdays.TekMessageControllerSpec" name="Test that the edit action returns the correct model" time="0.042" />
  <testcase classname="com.tekdays.TekMessageControllerSpec" name="Test the update action performs an update on a valid domain instance" time="0.125">
    <error message="Cannot get property &apos;id&apos; on null object" type="java.lang.NullPointerException">java.lang.NullPointerException: Cannot get property &apos;id&apos; on null object
	at com.tekdays.TekMessageControllerSpec.Test the update action performs an update on a valid domain instance(TekMessageControllerSpec.groovy:122)
</error>
  </testcase>
  <testcase classname="com.tekdays.TekMessageControllerSpec" name="Test that the delete action deletes an instance if it exists" time="0.051">
    <failure message="Condition not satisfied:&#xa;&#xa;TekMessage.count() == 1&#xa;           |       |&#xa;           0       false&#xa;" type="junit.framework.AssertionFailedError">junit.framework.AssertionFailedError: Condition not satisfied:

TekMessage.count() == 1
           |       |
           0       false

	at com.tekdays.TekMessageControllerSpec.Test that the delete action deletes an instance if it exists(TekMessageControllerSpec.groovy:142)
</failure>
  </testcase>
  <system-out><![CDATA[--Output from Test the index action returns the correct model--
--Output from Test the create action returns the correct model--
--Output from Test the save action correctly persists an instance--
--Output from Test that the show action returns the correct model--
--Output from Test that the edit action returns the correct model--
--Output from Test the update action performs an update on a valid domain instance--
--Output from Test that the delete action deletes an instance if it exists--
]]></system-out>
  <system-err><![CDATA[--Output from Test the index action returns the correct model--
--Output from Test the create action returns the correct model--
--Output from Test the save action correctly persists an instance--
--Output from Test that the show action returns the correct model--
--Output from Test that the edit action returns the correct model--
--Output from Test the update action performs an update on a valid domain instance--
--Output from Test that the delete action deletes an instance if it exists--
]]></system-err>
</testsuite>
