<?xml version="1.0" encoding="UTF-8" ?>
<testsuite errors="2" failures="1" hostname="OSA-PC" name="com.tekdays.TekEventControllerSpec" tests="7" time="0.826" timestamp="2014-12-15T13:36:42">
  <properties />
  <testcase classname="com.tekdays.TekEventControllerSpec" name="Test the index action returns the correct model" time="0.403" />
  <testcase classname="com.tekdays.TekEventControllerSpec" name="Test the create action returns the correct model" time="0.036" />
  <testcase classname="com.tekdays.TekEventControllerSpec" name="Test the save action correctly persists an instance" time="0.081">
    <error message="Cannot invoke method addDefaultTasks() on null object" type="java.lang.NullPointerException">java.lang.NullPointerException: Cannot invoke method addDefaultTasks() on null object
	at com.tekdays.TekEventController.$tt__save(TekEventController.groovy:41)
	at com.tekdays.TekEventControllerSpec.Test the save action correctly persists an instance(TekEventControllerSpec.groovy:54)
</error>
  </testcase>
  <testcase classname="com.tekdays.TekEventControllerSpec" name="Test that the show action returns the correct model" time="0.054" />
  <testcase classname="com.tekdays.TekEventControllerSpec" name="Test that the edit action returns the correct model" time="0.058" />
  <testcase classname="com.tekdays.TekEventControllerSpec" name="Test the update action performs an update on a valid domain instance" time="0.106">
    <error message="Cannot get property &apos;id&apos; on null object" type="java.lang.NullPointerException">java.lang.NullPointerException: Cannot get property &apos;id&apos; on null object
	at com.tekdays.TekEventControllerSpec.Test the update action performs an update on a valid domain instance(TekEventControllerSpec.groovy:122)
</error>
  </testcase>
  <testcase classname="com.tekdays.TekEventControllerSpec" name="Test that the delete action deletes an instance if it exists" time="0.045">
    <failure message="Condition not satisfied:&#xa;&#xa;TekEvent.count() == 1&#xa;         |       |&#xa;         0       false&#xa;" type="junit.framework.AssertionFailedError">junit.framework.AssertionFailedError: Condition not satisfied:

TekEvent.count() == 1
         |       |
         0       false

	at com.tekdays.TekEventControllerSpec.Test that the delete action deletes an instance if it exists(TekEventControllerSpec.groovy:142)
</failure>
  </testcase>
  <system-out><![CDATA[--Output from Test the index action returns the correct model--
--Output from Test the create action returns the correct model--
--Output from Test the save action correctly persists an instance--
--Output from Test that the show action returns the correct model--
--Output from Test that the edit action returns the correct model--
--Output from Test the update action performs an update on a valid domain instance--
--Output from Test that the delete action deletes an instance if it exists--
]]></system-out>
  <system-err><![CDATA[--Output from Test the index action returns the correct model--
--Output from Test the create action returns the correct model--
--Output from Test the save action correctly persists an instance--
--Output from Test that the show action returns the correct model--
--Output from Test that the edit action returns the correct model--
--Output from Test the update action performs an update on a valid domain instance--
--Output from Test that the delete action deletes an instance if it exists--
]]></system-err>
</testsuite>
