<?xml version="1.0" encoding="UTF-8" ?>
<testsuite errors="0" failures="0" hostname="OSA-PC" name="com.tekdays.TekEventSpec" tests="2" time="0.214" timestamp="2014-12-15T13:36:43">
  <properties />
  <testcase classname="com.tekdays.TekEventSpec" name="test toString" time="0.185" />
  <testcase classname="com.tekdays.TekEventSpec" name="test description size" time="0.014" />
  <system-out><![CDATA[--Output from test toString--
--Output from test description size--
]]></system-out>
  <system-err><![CDATA[--Output from test toString--
--Output from test description size--
]]></system-err>
</testsuite>
