<?xml version="1.0" encoding="UTF-8" ?>
<testsuite errors="2" failures="1" hostname="OSA-PC" name="com.tekdays.SponsorshipControllerSpec" tests="7" time="1.392" timestamp="2014-12-15T13:36:39">
  <properties />
  <testcase classname="com.tekdays.SponsorshipControllerSpec" name="Test the index action returns the correct model" time="0.492" />
  <testcase classname="com.tekdays.SponsorshipControllerSpec" name="Test the create action returns the correct model" time="0.077" />
  <testcase classname="com.tekdays.SponsorshipControllerSpec" name="Test the save action correctly persists an instance" time="0.146">
    <error message="Cannot redirect for object [com.tekdays.Sponsorship : (unsaved)] it is not a domain or has no identifier. Use an explicit redirect instead " type="org.codehaus.groovy.grails.web.servlet.mvc.exceptions.CannotRedirectException">org.codehaus.groovy.grails.web.servlet.mvc.exceptions.CannotRedirectException: Cannot redirect for object [com.tekdays.Sponsorship : (unsaved)] it is not a domain or has no identifier. Use an explicit redirect instead 
	at com.tekdays.SponsorshipController.tt__save_closure9_closure14(SponsorshipController.groovy:43)
	at com.tekdays.SponsorshipController.$tt__save(SponsorshipController.groovy:40)
	at com.tekdays.SponsorshipControllerSpec.Test the save action correctly persists an instance(SponsorshipControllerSpec.groovy:54)
</error>
  </testcase>
  <testcase classname="com.tekdays.SponsorshipControllerSpec" name="Test that the show action returns the correct model" time="0.051" />
  <testcase classname="com.tekdays.SponsorshipControllerSpec" name="Test that the edit action returns the correct model" time="0.06" />
  <testcase classname="com.tekdays.SponsorshipControllerSpec" name="Test the update action performs an update on a valid domain instance" time="0.443">
    <error message="Cannot get property &apos;id&apos; on null object" type="java.lang.NullPointerException">java.lang.NullPointerException: Cannot get property &apos;id&apos; on null object
	at com.tekdays.SponsorshipControllerSpec.Test the update action performs an update on a valid domain instance(SponsorshipControllerSpec.groovy:122)
</error>
  </testcase>
  <testcase classname="com.tekdays.SponsorshipControllerSpec" name="Test that the delete action deletes an instance if it exists" time="0.079">
    <failure message="Condition not satisfied:&#xa;&#xa;Sponsorship.count() == 1&#xa;            |       |&#xa;            0       false&#xa;" type="junit.framework.AssertionFailedError">junit.framework.AssertionFailedError: Condition not satisfied:

Sponsorship.count() == 1
            |       |
            0       false

	at com.tekdays.SponsorshipControllerSpec.Test that the delete action deletes an instance if it exists(SponsorshipControllerSpec.groovy:142)
</failure>
  </testcase>
  <system-out><![CDATA[--Output from Test the index action returns the correct model--
--Output from Test the create action returns the correct model--
--Output from Test the save action correctly persists an instance--
--Output from Test that the show action returns the correct model--
--Output from Test that the edit action returns the correct model--
--Output from Test the update action performs an update on a valid domain instance--
--Output from Test that the delete action deletes an instance if it exists--
]]></system-out>
  <system-err><![CDATA[--Output from Test the index action returns the correct model--
--Output from Test the create action returns the correct model--
--Output from Test the save action correctly persists an instance--
--Output from Test that the show action returns the correct model--
--Output from Test that the edit action returns the correct model--
--Output from Test the update action performs an update on a valid domain instance--
--Output from Test that the delete action deletes an instance if it exists--
]]></system-err>
</testsuite>
